# lba,c,h,s
44120,43,0,44
44122,43,0,45
44124,43,0,46
44126,43,0,47
44128,43,0,48
45130,44,0,37
45132,44,0,38
45138,44,0,41
45140,44,0,42
45142,44,0,43
45144,44,0,44
45146,44,0,45
45148,44,0,46
45150,44,0,47
45152,44,0,48
45168,44,0,56
45170,44,0,57
45172,44,0,58
46152,45,0,36
46154,45,0,37
46156,45,0,38
46158,45,0,39
46160,45,0,40
46162,45,0,41
46164,45,0,42
46166,45,0,43
46172,45,0,46
46174,45,0,47
46194,45,0,57
46196,45,0,58
46198,45,0,59
46200,45,0,60
47176,46,0,36
47178,46,0,37
47180,46,0,38
47222,46,0,59
47224,46,0,60
47226,46,0,61
47228,46,0,62
47230,46,0,63
48192,47,0,32
48194,47,0,33
48196,47,0,34
48198,47,0,35
48200,47,0,36
48202,47,0,37
48204,47,0,38
48246,47,0,59
48248,47,0,60
48250,47,0,61
48252,47,0,62
48254,47,0,63
48256,47,0,64
49216,48,0,32
49218,48,0,33
49220,48,0,34
49222,48,0,35
49274,48,0,61
49276,48,0,62
49278,48,0,63
49280,48,0,64
50240,49,0,32
50242,49,0,33
50244,49,0,34
50302,49,0,63
50304,49,0,64
50306,49,0,65
50308,49,0,66
50310,49,0,67
50312,49,0,68
51262,50,0,31
51264,50,0,32
51328,50,0,64
51330,50,0,65
51332,50,0,66
51334,50,0,67
51336,50,0,68
51338,50,0,69
51340,50,0,70
51342,50,0,71
51344,50,0,72
52284,51,0,30
52286,51,0,31
52288,51,0,32
52352,51,0,64
52354,51,0,65
52366,51,0,71
52368,51,0,72
52370,51,0,73
53308,52,0,30
53310,52,0,31
53312,52,0,32
53376,52,0,64
53392,52,0,72
53394,52,0,73
53396,52,0,74
53398,52,0,75
53400,52,0,76
53402,52,0,77
54332,53,0,30
54334,53,0,31
54400,53,0,64
54424,53,0,76
54426,53,0,77
54428,53,0,78
54430,53,0,79
55356,54,0,30
55422,54,0,63
55424,54,0,64
55450,54,0,77
55452,54,0,78
56380,55,0,30
56446,55,0,63
56448,55,0,64
56474,55,0,77
56476,55,0,78
57402,56,0,29
57404,56,0,30
57470,56,0,63
57472,56,0,64
58426,57,0,29
58428,57,0,30
58494,57,0,63
59450,58,0,29
59452,58,0,30
59518,58,0,63
59570,58,0,89
59572,58,0,90
59574,58,0,91
59576,58,0,92
60474,59,0,29
60476,59,0,30
60538,59,0,61
60540,59,0,62
60542,59,0,63
60594,59,0,89
60596,59,0,90
60598,59,0,91
60600,59,0,92
60602,59,0,93
60604,59,0,94
60606,59,0,95
61498,60,0,29
61500,60,0,30
61560,60,0,60
61562,60,0,61
61564,60,0,62
61566,60,0,63
61618,60,0,89
61628,60,0,94
61630,60,0,95
61632,60,0,96
61634,60,0,97
62522,61,0,29
62524,61,0,30
62584,61,0,60
62586,61,0,61
62588,61,0,62
62590,61,0,63
62642,61,0,89
62652,61,0,94
62654,61,0,95
62656,61,0,96
62658,61,0,97
62660,61,0,98
62662,61,0,99
62664,61,0,100
62666,61,0,101
63546,62,0,29
63548,62,0,30
63608,62,0,60
63610,62,0,61
63664,62,0,88
63666,62,0,89
63678,62,0,95
63680,62,0,96
63682,62,0,97
63684,62,0,98
63686,62,0,99
63688,62,0,100
63690,62,0,101
64570,63,0,29
64572,63,0,30
64632,63,0,60
64634,63,0,61
64688,63,0,88
64690,63,0,89
64712,63,0,100
64714,63,0,101
65594,64,0,29
65654,64,0,59
65656,64,0,60
65658,64,0,61
65712,64,0,88
65714,64,0,89
66618,65,0,29
66620,65,0,30
66622,65,0,31
66676,65,0,58
66678,65,0,59
66680,65,0,60
66682,65,0,61
66736,65,0,88
67642,66,0,29
67644,66,0,30
67646,66,0,31
67700,66,0,58
67702,66,0,59
67704,66,0,60
67756,66,0,86
67758,66,0,87
67760,66,0,88
68666,67,0,29
68668,67,0,30
68670,67,0,31
68724,67,0,58
68778,67,0,85
68780,67,0,86
68782,67,0,87
68840,67,0,116
69690,68,0,29
69692,68,0,30
69694,68,0,31
69748,68,0,58
69802,68,0,85
69804,68,0,86
69806,68,0,87
69864,68,0,116
69866,68,0,117
69868,68,0,118
69870,68,0,119
69872,68,0,120
69874,68,0,121
70714,69,0,29
70716,69,0,30
70718,69,0,31
70770,69,0,57
70772,69,0,58
70826,69,0,85
70828,69,0,86
70886,69,0,115
70888,69,0,116
70890,69,0,117
70892,69,0,118
70894,69,0,119
70896,69,0,120
70898,69,0,121
70900,69,0,122
70902,69,0,123
70904,69,0,124
70906,69,0,125
71742,70,0,31
71794,70,0,57
71796,70,0,58
71850,70,0,85
71852,70,0,86
71906,70,0,113
71908,70,0,114
71910,70,0,115
71912,70,0,116
71914,70,0,117
71918,70,0,119
71920,70,0,120
71922,70,0,121
71924,70,0,122
71926,70,0,123
71928,70,0,124
71930,70,0,125
72764,71,0,30
72766,71,0,31
72768,71,0,32
72770,71,0,33
72818,71,0,57
72872,71,0,84
72874,71,0,85
72876,71,0,86
72930,71,0,113
72932,71,0,114
72934,71,0,115
72952,71,0,124
72954,71,0,125
73788,72,0,30
73790,72,0,31
73792,72,0,32
73794,72,0,33
73842,72,0,57
73896,72,0,84
73898,72,0,85
73900,72,0,86
73902,72,0,87
73948,72,0,110
73950,72,0,111
73952,72,0,112
73954,72,0,113
73956,72,0,114
74814,73,0,31
74816,73,0,32
74818,73,0,33
74866,73,0,57
74920,73,0,84
74922,73,0,85
74924,73,0,86
74926,73,0,87
74972,73,0,110
74974,73,0,111
74976,73,0,112
75842,74,0,33
75844,74,0,34
75846,74,0,35
75888,74,0,56
75890,74,0,57
75942,74,0,83
75944,74,0,84
75946,74,0,85
75948,74,0,86
75950,74,0,87
75994,74,0,109
75996,74,0,110
76866,75,0,33
76868,75,0,34
76870,75,0,35
76872,75,0,36
76912,75,0,56
76914,75,0,57
76966,75,0,83
76968,75,0,84
76970,75,0,85
76974,75,0,87
76976,75,0,88
76978,75,0,89
76980,75,0,90
77016,75,0,108
77018,75,0,109
77020,75,0,110
77890,76,0,33
77892,76,0,34
77894,76,0,35
77896,76,0,36
77936,76,0,56
77988,76,0,82
77990,76,0,83
77992,76,0,84
77994,76,0,85
77998,76,0,87
78000,76,0,88
78002,76,0,89
78004,76,0,90
78036,76,0,106
78038,76,0,107
78040,76,0,108
78042,76,0,109
78918,77,0,35
78920,77,0,36
78922,77,0,37
78924,77,0,38
78926,77,0,39
78960,77,0,56
79012,77,0,82
79014,77,0,83
79024,77,0,88
79026,77,0,89
79028,77,0,90
79060,77,0,106
79062,77,0,107
79064,77,0,108
79948,78,0,38
79950,78,0,39
79952,78,0,40
79984,78,0,56
80036,78,0,82
80038,78,0,83
80050,78,0,89
80052,78,0,90
80054,78,0,91
80056,78,0,92
80058,78,0,93
80084,78,0,106
80086,78,0,107
80088,78,0,108
81006,79,0,55
81008,79,0,56
81060,79,0,82
81082,79,0,93
81084,79,0,94
81086,79,0,95
81106,79,0,105
81108,79,0,106
81110,79,0,107
82030,80,0,55
82032,80,0,56
82080,80,0,80
82084,80,0,82
82106,80,0,93
82108,80,0,94
82110,80,0,95
82112,80,0,96
82130,80,0,105
82132,80,0,106
82134,80,0,107
83054,81,0,55
83102,81,0,79
83104,81,0,80
83106,81,0,81
83108,81,0,82
83130,81,0,93
83132,81,0,94
83134,81,0,95
83136,81,0,96
83152,81,0,104
83154,81,0,105
83156,81,0,106
84126,82,0,79
84128,82,0,80
84130,82,0,81
84132,82,0,82
84176,82,0,104
84178,82,0,105
84180,82,0,106
85150,83,0,79
85152,83,0,80
85154,83,0,81
85198,83,0,103
85200,83,0,104
85202,83,0,105
85204,83,0,106
86174,84,0,79
86176,84,0,80
86222,84,0,103
86224,84,0,104
87198,85,0,79
87200,85,0,80
87246,85,0,103
87248,85,0,104
87250,85,0,105
87252,85,0,106
88218,86,0,77
88220,86,0,78
88222,86,0,79
88224,86,0,80
88272,86,0,104
88274,86,0,105
88276,86,0,106
89242,87,0,77
89244,87,0,78
89246,87,0,79
89248,87,0,80
89296,87,0,104
89298,87,0,105
89300,87,0,106
90266,88,0,77
90268,88,0,78
90270,88,0,79
90272,88,0,80
90324,88,0,106
90326,88,0,107
91290,89,0,77
91292,89,0,78
91294,89,0,79
91348,89,0,106
91350,89,0,107
91352,89,0,108
92314,90,0,77
92316,90,0,78
92318,90,0,79
92372,90,0,106
92374,90,0,107
92376,90,0,108
92378,90,0,109
93388,91,0,102
93390,91,0,103
93394,91,0,105
93396,91,0,106
93398,91,0,107
93400,91,0,108
93402,91,0,109
94412,92,0,102
94414,92,0,103
94416,92,0,104
94418,92,0,105
94422,92,0,107
94424,92,0,108
94426,92,0,109
94428,92,0,110
95434,93,0,101
95436,93,0,102
95438,93,0,103
95440,93,0,104
95442,93,0,105
96454,94,0,99
96456,94,0,100
96458,94,0,101
97478,95,0,99
97480,95,0,100
97482,95,0,101
97552,95,0,136
97554,95,0,137
97556,95,0,138
98502,96,0,99
98504,96,0,100
98576,96,0,136
98578,96,0,137
98580,96,0,138
98582,96,0,139
98584,96,0,140
98586,96,0,141
98588,96,0,142
99526,97,0,99
99528,97,0,100
99596,97,0,134
99598,97,0,135
99600,97,0,136
99602,97,0,137
99604,97,0,138
99606,97,0,139
99608,97,0,140
99610,97,0,141
99612,97,0,142
100548,98,0,98
100550,98,0,99
100552,98,0,100
100620,98,0,134
100622,98,0,135
100634,98,0,141
100636,98,0,142
101570,99,0,97
101572,99,0,98
101574,99,0,99
101576,99,0,100
101644,99,0,134
102594,100,0,97
102596,100,0,98
102598,100,0,99
102600,100,0,100
102664,100,0,132
102666,100,0,133
102668,100,0,134
103618,101,0,97
103686,101,0,131
103688,101,0,132
103690,101,0,133
103692,101,0,134
104642,102,0,97
104710,102,0,131
104712,102,0,132
104714,102,0,133
105664,103,0,96
105666,103,0,97
105734,103,0,131
105736,103,0,132
105738,103,0,133
106688,104,0,96
106690,104,0,97
106692,104,0,98
106694,104,0,99
106758,104,0,131
106760,104,0,132
106762,104,0,133
107712,105,0,96
107714,105,0,97
107716,105,0,98
107718,105,0,99
107782,105,0,131
107784,105,0,132
107786,105,0,133
108738,106,0,97
108740,106,0,98
108806,106,0,131
108808,106,0,132
108810,106,0,133
109762,107,0,97
109764,107,0,98
109832,107,0,132
109834,107,0,133
110784,108,0,96
110786,108,0,97
110788,108,0,98
110858,108,0,133
110860,108,0,134
111808,109,0,96
111810,109,0,97
111812,109,0,98
111882,109,0,133
112836,110,0,98
112838,110,0,99
112840,110,0,100
112906,110,0,133
112956,110,0,158
112958,110,0,159
112960,110,0,160
113862,111,0,99
113864,111,0,100
113866,111,0,101
113928,111,0,132
113930,111,0,133
113932,111,0,134
113934,111,0,135
113972,111,0,154
113974,111,0,155
113976,111,0,156
113980,111,0,158
113982,111,0,159
113984,111,0,160
114886,112,0,99
114888,112,0,100
114890,112,0,101
114892,112,0,102
114894,112,0,103
114896,112,0,104
114898,112,0,105
114936,112,0,124
114952,112,0,132
114954,112,0,133
114956,112,0,134
114958,112,0,135
114992,112,0,152
114994,112,0,153
114996,112,0,154
114998,112,0,155
115000,112,0,156
115002,112,0,157
115006,112,0,159
115912,113,0,100
115914,113,0,101
115916,113,0,102
115918,113,0,103
115920,113,0,104
115922,113,0,105
115960,113,0,124
115978,113,0,133
115980,113,0,134
115982,113,0,135
116014,113,0,151
116016,113,0,152
116018,113,0,153
116020,113,0,154
116030,113,0,159
116064,113,0,176
116066,113,0,177
116068,113,0,178
116944,114,0,104
116946,114,0,105
116984,114,0,124
117004,114,0,134
117006,114,0,135
117036,114,0,150
117038,114,0,151
117040,114,0,152
117042,114,0,153
117052,114,0,158
117054,114,0,159
117088,114,0,176
118006,115,0,123
118008,115,0,124
118010,115,0,125
118012,115,0,126
118030,115,0,135
118060,115,0,150
118062,115,0,151
118064,115,0,152
118066,115,0,153
118076,115,0,158
118078,115,0,159
118108,115,0,174
118110,115,0,175
118112,115,0,176
119032,116,0,124
119034,116,0,125
119036,116,0,126
119038,116,0,127
119054,116,0,135
119084,116,0,150
119086,116,0,151
119088,116,0,152
119100,116,0,158
119102,116,0,159
119130,116,0,173
119132,116,0,174
119134,116,0,175
119136,116,0,176
120060,117,0,126
120062,117,0,127
120064,117,0,128
120076,117,0,134
120078,117,0,135
120108,117,0,150
120110,117,0,151
120124,117,0,158
120154,117,0,173
120156,117,0,174
120158,117,0,175
121084,118,0,126
121086,118,0,127
121088,118,0,128
121094,118,0,131
121096,118,0,132
121098,118,0,133
121100,118,0,134
121102,118,0,135
121132,118,0,150
121134,118,0,151
121136,118,0,152
121148,118,0,158
121176,118,0,172
121178,118,0,173
121180,118,0,174
122110,119,0,127
122112,119,0,128
122114,119,0,129
122116,119,0,130
122118,119,0,131
122120,119,0,132
122122,119,0,133
122124,119,0,134
122156,119,0,150
122158,119,0,151
122160,119,0,152
122170,119,0,157
122172,119,0,158
122200,119,0,172
122204,119,0,174
123138,120,0,129
123140,120,0,130
123142,120,0,131
123148,120,0,134
123180,120,0,150
123182,120,0,151
123184,120,0,152
123192,120,0,156
123194,120,0,157
123196,120,0,158
123222,120,0,171
123224,120,0,172
124204,121,0,150
124206,121,0,151
124216,121,0,156
124218,121,0,157
124220,121,0,158
124246,121,0,171
124248,121,0,172
124274,121,0,185
125228,122,0,150
125230,122,0,151
125232,122,0,152
125234,122,0,153
125240,122,0,156
125242,122,0,157
125270,122,0,171
125272,122,0,172
125296,122,0,184
125298,122,0,185
125300,122,0,186
125302,122,0,187
126252,123,0,150
126254,123,0,151
126256,123,0,152
126258,123,0,153
126264,123,0,156
126266,123,0,157
126294,123,0,171
126320,123,0,184
126322,123,0,185
126324,123,0,186
126326,123,0,187
127280,124,0,152
127282,124,0,153
127284,124,0,154
127286,124,0,155
127288,124,0,156
127290,124,0,157
127318,124,0,171
127340,124,0,182
127342,124,0,183
127344,124,0,184
127346,124,0,185
128306,125,0,153
128308,125,0,154
128310,125,0,155
128312,125,0,156
128314,125,0,157
128340,125,0,170
128342,125,0,171
128364,125,0,182
128366,125,0,183
128368,125,0,184
128370,125,0,185
129336,126,0,156
129338,126,0,157
129340,126,0,158
129364,126,0,170
129366,126,0,171
129384,126,0,180
129386,126,0,181
129388,126,0,182
130360,127,0,156
130362,127,0,157
130364,127,0,158
130388,127,0,170
130390,127,0,171
130402,127,0,177
130404,127,0,178
130406,127,0,179
130408,127,0,180
130410,127,0,181
130412,127,0,182
131386,128,0,157
131388,128,0,158
131412,128,0,170
131426,128,0,177
131428,128,0,178
131430,128,0,179
131432,128,0,180
131434,128,0,181
131466,128,0,197
131468,128,0,198
131470,128,0,199
131472,128,0,200
131474,128,0,201
131476,128,0,202
131478,128,0,203
131480,128,0,204
131482,128,0,205
132408,129,0,156
132410,129,0,157
132412,129,0,158
132436,129,0,170
132444,129,0,174
132446,129,0,175
132448,129,0,176
132450,129,0,177
132452,129,0,178
132454,129,0,179
132456,129,0,180
132484,129,0,194
132486,129,0,195
132490,129,0,197
132492,129,0,198
132494,129,0,199
132496,129,0,200
132498,129,0,201
132502,129,0,203
132504,129,0,204
132506,129,0,205
132508,129,0,206
132510,129,0,207
133432,130,0,156
133434,130,0,157
133436,130,0,158
133458,130,0,169
133460,130,0,170
133466,130,0,173
133468,130,0,174
133470,130,0,175
133472,130,0,176
133504,130,0,192
133506,130,0,193
133508,130,0,194
133510,130,0,195
133512,130,0,196
133514,130,0,197
133516,130,0,198
133518,130,0,199
133520,130,0,200
133522,130,0,201
133530,130,0,205
133532,130,0,206
133534,130,0,207
133536,130,0,208
133538,130,0,209
134456,131,0,156
134458,131,0,157
134460,131,0,158
134462,131,0,159
134482,131,0,169
134484,131,0,170
134486,131,0,171
134488,131,0,172
134490,131,0,173
134492,131,0,174
134494,131,0,175
134496,131,0,176
134528,131,0,192
134530,131,0,193
134532,131,0,194
134534,131,0,195
134540,131,0,198
134554,131,0,205
134556,131,0,206
134558,131,0,207
134560,131,0,208
134562,131,0,209
134564,131,0,210
135484,132,0,158
135506,132,0,169
135508,132,0,170
135514,132,0,173
135550,132,0,191
135552,132,0,192
135554,132,0,193
135556,132,0,194
135558,132,0,195
135584,132,0,208
135586,132,0,209
135588,132,0,210
136574,133,0,191
136576,133,0,192
136578,133,0,193
136580,133,0,194
136608,133,0,208
136610,133,0,209
136612,133,0,210
137594,134,0,189
137598,134,0,191
137600,134,0,192
137602,134,0,193
137604,134,0,194
137606,134,0,195
137634,134,0,209
137636,134,0,210
138618,135,0,189
138620,135,0,190
138622,135,0,191
138624,135,0,192
138626,135,0,193
138628,135,0,194
138630,135,0,195
138654,135,0,207
138656,135,0,208
138658,135,0,209
138660,135,0,210
139640,136,0,188
139642,136,0,189
139644,136,0,190
139650,136,0,193
139652,136,0,194
139654,136,0,195
139656,136,0,196
139658,136,0,197
139676,136,0,206
139678,136,0,207
139680,136,0,208
139682,136,0,209
139684,136,0,210
140662,137,0,187
140664,137,0,188
140666,137,0,189
140668,137,0,190
140680,137,0,196
140682,137,0,197
140684,137,0,198
140700,137,0,206
140702,137,0,207
140704,137,0,208
141686,138,0,187
141688,138,0,188
141690,138,0,189
141692,138,0,190
141706,138,0,197
141708,138,0,198
141710,138,0,199
141724,138,0,206
141726,138,0,207
141728,138,0,208
142710,139,0,187
142712,139,0,188
142714,139,0,189
142716,139,0,190
142730,139,0,197
142732,139,0,198
142734,139,0,199
142736,139,0,200
142738,139,0,201
142744,139,0,204
142746,139,0,205
142748,139,0,206
142836,139,0,250
142838,139,0,251
143736,140,0,188
143738,140,0,189
143754,140,0,197
143756,140,0,198
143758,140,0,199
143760,140,0,200
143762,140,0,201
143766,140,0,203
143768,140,0,204
143770,140,0,205
143772,140,0,206
143860,140,0,250
143862,140,0,251
144760,141,0,188
144762,141,0,189
144782,141,0,199
144784,141,0,200
144786,141,0,201
144788,141,0,202
144790,141,0,203
144792,141,0,204
144794,141,0,205
144880,141,0,248
144884,141,0,250
145782,142,0,187
145784,142,0,188
145786,142,0,189
145810,142,0,201
145812,142,0,202
145814,142,0,203
145816,142,0,204
145904,142,0,248
145906,142,0,249
145908,142,0,250
146806,143,0,187
146808,143,0,188
146810,143,0,189
146812,143,0,190
146814,143,0,191
146816,143,0,192
146832,143,0,200
146834,143,0,201
146836,143,0,202
146926,143,0,247
146928,143,0,248
146930,143,0,249
146932,143,0,250
147830,144,0,187
147832,144,0,188
147834,144,0,189
147836,144,0,190
147838,144,0,191
147840,144,0,192
147842,144,0,193
147858,144,0,201
147860,144,0,202
147950,144,0,247
147952,144,0,248
147954,144,0,249
148862,145,0,191
148864,145,0,192
148974,145,0,247
148976,145,0,248
148978,145,0,249
149886,146,0,191
149888,146,0,192
149890,146,0,193
149998,146,0,247
150000,146,0,248
150908,147,0,190
150910,147,0,191
150912,147,0,192
150914,147,0,193
150916,147,0,194
150918,147,0,195
150920,147,0,196
151022,147,0,247
151024,147,0,248
151934,148,0,191
151936,148,0,192
151938,148,0,193
151940,148,0,194
151942,148,0,195
151944,148,0,196
152044,148,0,246
152046,148,0,247
152048,148,0,248
152966,149,0,195
152968,149,0,196
153068,149,0,246
153070,149,0,247
153072,149,0,248
153126,149,0,275
153992,150,0,196
154092,150,0,246
154094,150,0,247
154096,150,0,248
154150,150,0,275
155114,151,0,245
155116,151,0,246
155118,151,0,247
155120,151,0,248
155122,151,0,249
155124,151,0,250
155126,151,0,251
155128,151,0,252
155172,151,0,274
155174,151,0,275
156138,152,0,245
156140,152,0,246
156142,152,0,247
156150,152,0,251
156152,152,0,252
156196,152,0,274
156198,152,0,275
156214,152,0,283
156216,152,0,284
156218,152,0,285
157160,153,0,244
157162,153,0,245
157164,153,0,246
157166,153,0,247
157174,153,0,251
157176,153,0,252
157178,153,0,253
157180,153,0,254
157182,153,0,255
157184,153,0,256
157220,153,0,274
157238,153,0,283
157240,153,0,284
157242,153,0,285
158184,154,0,244
158186,154,0,245
158200,154,0,252
158202,154,0,253
158204,154,0,254
158206,154,0,255
158208,154,0,256
158244,154,0,274
158246,154,0,275
158262,154,0,283
158264,154,0,284
158266,154,0,285
159208,155,0,244
159230,155,0,255
159232,155,0,256
159234,155,0,257
159268,155,0,274
159270,155,0,275
159290,155,0,285
160232,156,0,244
160256,156,0,256
160258,156,0,257
160260,156,0,258
160286,156,0,271
160288,156,0,272
160290,156,0,273
160292,156,0,274
160314,156,0,285
160338,156,0,297
161196,157,0,214
161198,157,0,215
161200,157,0,216
161202,157,0,217
161212,157,0,222
161214,157,0,223
161216,157,0,224
161218,157,0,225
161220,157,0,226
161222,157,0,227
161256,157,0,244
161280,157,0,256
161282,157,0,257
161310,157,0,271
161312,157,0,272
161314,157,0,273
161316,157,0,274
161336,157,0,284
161338,157,0,285
161362,157,0,297
162222,158,0,215
162224,158,0,216
162226,158,0,217
162228,158,0,218
162230,158,0,219
162232,158,0,220
162234,158,0,221
162236,158,0,222
162238,158,0,223
162240,158,0,224
162242,158,0,225
162244,158,0,226
162246,158,0,227
162248,158,0,228
162250,158,0,229
162252,158,0,230
162254,158,0,231
162278,158,0,243
162280,158,0,244
162304,158,0,256
162306,158,0,257
162334,158,0,271
162336,158,0,272
162338,158,0,273
162360,158,0,284
162362,158,0,285
162384,158,0,296
162386,158,0,297
163256,159,0,220
163258,159,0,221
163266,159,0,225
163268,159,0,226
163270,159,0,227
163272,159,0,228
163274,159,0,229
163276,159,0,230
163278,159,0,231
163302,159,0,243
163304,159,0,244
163328,159,0,256
163330,159,0,257
163332,159,0,258
163358,159,0,271
163360,159,0,272
163380,159,0,282
163382,159,0,283
163384,159,0,284
163408,159,0,296
163410,159,0,297
163414,159,0,299
163416,159,0,300
163418,159,0,301
163420,159,0,302
164300,160,0,230
164302,160,0,231
164326,160,0,243
164354,160,0,257
164356,160,0,258
164380,160,0,270
164382,160,0,271
164384,160,0,272
164404,160,0,282
164406,160,0,283
164408,160,0,284
164432,160,0,296
164434,160,0,297
164438,160,0,299
164440,160,0,300
164442,160,0,301
164444,160,0,302
164446,160,0,303
164464,160,0,312
165378,161,0,257
165380,161,0,258
165404,161,0,270
165406,161,0,271
165408,161,0,272
165426,161,0,281
165428,161,0,282
165430,161,0,283
165432,161,0,284
165456,161,0,296
165458,161,0,297
165460,161,0,298
165462,161,0,299
165464,161,0,300
165466,161,0,301
165468,161,0,302
165484,161,0,310
165486,161,0,311
165488,161,0,312
165490,161,0,313
165492,161,0,314
165494,161,0,315
165496,161,0,316
166402,162,0,257
166428,162,0,270
166430,162,0,271
166432,162,0,272
166450,162,0,281
166452,162,0,282
166454,162,0,283
166456,162,0,284
166480,162,0,296
166482,162,0,297
166484,162,0,298
166490,162,0,301
166492,162,0,302
166494,162,0,303
166508,162,0,310
166510,162,0,311
166518,162,0,315
166520,162,0,316
166522,162,0,317
167426,163,0,257
167452,163,0,270
167454,163,0,271
167474,163,0,281
167476,163,0,282
167478,163,0,283
167480,163,0,284
167502,163,0,295
167504,163,0,296
167506,163,0,297
167508,163,0,298
167518,163,0,303
167520,163,0,304
167522,163,0,305
167528,163,0,308
167530,163,0,309
167532,163,0,310
167534,163,0,311
167542,163,0,315
167544,163,0,316
168448,164,0,256
168450,164,0,257
168476,164,0,270
168478,164,0,271
168496,164,0,280
168498,164,0,281
168500,164,0,282
168502,164,0,283
168526,164,0,295
168528,164,0,296
168540,164,0,302
168542,164,0,303
168544,164,0,304
168546,164,0,305
168550,164,0,307
168552,164,0,308
168554,164,0,309
168556,164,0,310
168566,164,0,315
168568,164,0,316
169472,165,0,256
169474,165,0,257
169498,165,0,269
169500,165,0,270
169502,165,0,271
169520,165,0,280
169522,165,0,281
169524,165,0,282
169550,165,0,295
169552,165,0,296
169566,165,0,303
169568,165,0,304
169570,165,0,305
169572,165,0,306
169574,165,0,307
169576,165,0,308
169578,165,0,309
169588,165,0,314
169590,165,0,315
169592,165,0,316
170496,166,0,256
170524,166,0,270
170526,166,0,271
170528,166,0,272
170530,166,0,273
170532,166,0,274
170534,166,0,275
170536,166,0,276
170540,166,0,278
170542,166,0,279
170544,166,0,280
170546,166,0,281
170548,166,0,282
170574,166,0,295
170592,166,0,304
170594,166,0,305
170596,166,0,306
170598,166,0,307
170600,166,0,308
170602,166,0,309
170612,166,0,314
170614,166,0,315
170616,166,0,316
170730,166,0,373
170732,166,0,374
170734,166,0,375
171556,167,0,274
171558,167,0,275
171560,167,0,276
171562,167,0,277
171564,167,0,278
171566,167,0,279
171568,167,0,280
171570,167,0,281
171572,167,0,282
171574,167,0,283
171598,167,0,295
171600,167,0,296
171618,167,0,305
171620,167,0,306
171636,167,0,314
171638,167,0,315
171640,167,0,316
171666,167,0,329
171668,167,0,330
171670,167,0,331
171754,167,0,373
171756,167,0,374
171758,167,0,375
171760,167,0,376
172596,168,0,282
172598,168,0,283
172620,168,0,294
172622,168,0,295
172624,168,0,296
172626,168,0,297
172642,168,0,305
172644,168,0,306
172660,168,0,314
172662,168,0,315
172688,168,0,328
172690,168,0,329
172692,168,0,330
172694,168,0,331
172696,168,0,332
172698,168,0,333
172778,168,0,373
172780,168,0,374
172782,168,0,375
172784,168,0,376
172786,168,0,377
173620,169,0,282
173644,169,0,294
173646,169,0,295
173648,169,0,296
173650,169,0,297
173666,169,0,305
173668,169,0,306
173684,169,0,314
173686,169,0,315
173708,169,0,326
173712,169,0,328
173714,169,0,329
173716,169,0,330
173720,169,0,332
173804,169,0,374
173806,169,0,375
173808,169,0,376
174640,170,0,280
174642,170,0,281
174644,170,0,282
174668,170,0,294
174670,170,0,295
174672,170,0,296
174674,170,0,297
174690,170,0,305
174692,170,0,306
174706,170,0,313
174708,170,0,314
174710,170,0,315
174728,170,0,324
174730,170,0,325
174732,170,0,326
174734,170,0,327
174736,170,0,328
174738,170,0,329
174740,170,0,330
174744,170,0,332
175664,171,0,280
175666,171,0,281
175668,171,0,282
175692,171,0,294
175694,171,0,295
175696,171,0,296
175714,171,0,305
175716,171,0,306
175730,171,0,313
175732,171,0,314
175734,171,0,315
175750,171,0,323
175752,171,0,324
175754,171,0,325
175756,171,0,326
175758,171,0,327
175766,171,0,331
175768,171,0,332
175800,171,0,348
175802,171,0,349
176716,172,0,294
176718,172,0,295
176720,172,0,296
176738,172,0,305
176754,172,0,313
176756,172,0,314
176774,172,0,323
176776,172,0,324
176778,172,0,325
176780,172,0,326
176782,172,0,327
176790,172,0,331
176792,172,0,332
176824,172,0,348
176826,172,0,349
177738,173,0,293
177740,173,0,294
177742,173,0,295
177744,173,0,296
177762,173,0,305
177778,173,0,313
177780,173,0,314
177782,173,0,315
177798,173,0,323
177814,173,0,331
177816,173,0,332
177846,173,0,347
177848,173,0,348
177850,173,0,349
178762,174,0,293
178764,174,0,294
178766,174,0,295
178768,174,0,296
178784,174,0,304
178786,174,0,305
178804,174,0,314
178806,174,0,315
178822,174,0,323
178838,174,0,331
178868,174,0,346
178870,174,0,347
178872,174,0,348
178874,174,0,349
179786,175,0,293
179788,175,0,294
179790,175,0,295
179792,175,0,296
179808,175,0,304
179810,175,0,305
179828,175,0,314
179830,175,0,315
179846,175,0,323
179848,175,0,324
179850,175,0,325
179862,175,0,331
179892,175,0,346
179894,175,0,347
179896,175,0,348
179898,175,0,349
179900,175,0,350
180810,176,0,293
180812,176,0,294
180814,176,0,295
180832,176,0,304
180852,176,0,314
180854,176,0,315
180870,176,0,323
180872,176,0,324
180874,176,0,325
180876,176,0,326
180884,176,0,330
180886,176,0,331
180916,176,0,346
180918,176,0,347
180920,176,0,348
180922,176,0,349
180924,176,0,350
180926,176,0,351
180928,176,0,352
180930,176,0,353
180932,176,0,354
180934,176,0,355
181834,177,0,293
181836,177,0,294
181838,177,0,295
181876,177,0,314
181896,177,0,324
181898,177,0,325
181900,177,0,326
181902,177,0,327
181904,177,0,328
181906,177,0,329
181908,177,0,330
181910,177,0,331
181940,177,0,346
181942,177,0,347
181944,177,0,348
181946,177,0,349
181948,177,0,350
181950,177,0,351
181952,177,0,352
181954,177,0,353
181956,177,0,354
181958,177,0,355
181960,177,0,356
181962,177,0,357
182022,177,0,387
182024,177,0,388
182026,177,0,389
182900,178,0,314
182928,178,0,328
182930,178,0,329
182932,178,0,330
182934,178,0,331
182936,178,0,332
182938,178,0,333
182962,178,0,345
182964,178,0,346
182978,178,0,353
182980,178,0,354
182982,178,0,355
182984,178,0,356
182986,178,0,357
183046,178,0,387
183048,178,0,388
183050,178,0,389
183958,179,0,331
183960,179,0,332
183962,179,0,333
183986,179,0,345
183988,179,0,346
184008,179,0,356
184010,179,0,357
184012,179,0,358
184014,179,0,359
184070,179,0,387
184072,179,0,388
184074,179,0,389
184982,180,0,331
184984,180,0,332
184986,180,0,333
185010,180,0,345
185012,180,0,346
185034,180,0,357
185036,180,0,358
185038,180,0,359
185062,180,0,371
185064,180,0,372
185094,180,0,387
185096,180,0,388
185098,180,0,389
186008,181,0,332
186010,181,0,333
186012,181,0,334
186034,181,0,345
186058,181,0,357
186060,181,0,358
186062,181,0,359
186086,181,0,371
186088,181,0,372
186118,181,0,387
186120,181,0,388
186122,181,0,389
187034,182,0,333
187036,182,0,334
187058,182,0,345
187082,182,0,357
187084,182,0,358
187110,182,0,371
187112,182,0,372
187144,182,0,388
187146,182,0,389
188058,183,0,333
188060,183,0,334
188080,183,0,344
188082,183,0,345
188106,183,0,357
188108,183,0,358
188110,183,0,359
188134,183,0,371
188168,183,0,388
188170,183,0,389
189082,184,0,333
189104,184,0,344
189106,184,0,345
189132,184,0,358
189134,184,0,359
189158,184,0,371
189192,184,0,388
189194,184,0,389
190128,185,0,344
190156,185,0,358
190158,185,0,359
190180,185,0,370
190182,185,0,371
190204,185,0,382
190206,185,0,383
190208,185,0,384
190216,185,0,388
190246,185,0,403
190294,185,0,427
191152,186,0,344
191180,186,0,358
191182,186,0,359
191204,186,0,370
191206,186,0,371
191208,186,0,372
191210,186,0,373
191226,186,0,381
191228,186,0,382
191230,186,0,383
191232,186,0,384
191234,186,0,385
191236,186,0,386
191238,186,0,387
191240,186,0,388
191242,186,0,389
191270,186,0,403
191272,186,0,404
191316,186,0,426
191318,186,0,427
192176,187,0,344
192204,187,0,358
192230,187,0,371
192232,187,0,372
192234,187,0,373
192252,187,0,382
192254,187,0,383
192256,187,0,384
192258,187,0,385
192260,187,0,386
192262,187,0,387
192264,187,0,388
192266,187,0,389
192268,187,0,390
192270,187,0,391
192272,187,0,392
192294,187,0,403
192296,187,0,404
192338,187,0,425
192340,187,0,426
192342,187,0,427
192344,187,0,428
192346,187,0,429
193228,188,0,358
193254,188,0,371
193256,188,0,372
193286,188,0,387
193288,188,0,388
193290,188,0,389
193292,188,0,390
193294,188,0,391
193296,188,0,392
193318,188,0,403
193320,188,0,404
193366,188,0,427
193368,188,0,428
193370,188,0,429
193372,188,0,430
194250,189,0,357
194252,189,0,358
194278,189,0,371
194280,189,0,372
194310,189,0,387
194312,189,0,388
194342,189,0,403
194344,189,0,404
194394,189,0,429
194396,189,0,430
195274,190,0,357
195276,190,0,358
195278,190,0,359
195300,190,0,370
195302,190,0,371
195304,190,0,372
195334,190,0,387
195366,190,0,403
195368,190,0,404
195370,190,0,405
195372,190,0,406
195418,190,0,429
195420,190,0,430
196298,191,0,357
196300,191,0,358
196302,191,0,359
196304,191,0,360
196324,191,0,370
196326,191,0,371
196328,191,0,372
196358,191,0,387
196390,191,0,403
196392,191,0,404
196394,191,0,405
196396,191,0,406
196412,191,0,414
196414,191,0,415
196442,191,0,429
196444,191,0,430
197322,192,0,357
197324,192,0,358
197326,192,0,359
197348,192,0,370
197350,192,0,371
197352,192,0,372
197380,192,0,386
197382,192,0,387
197416,192,0,404
197418,192,0,405
197436,192,0,414
197438,192,0,415
197466,192,0,429
197468,192,0,430
197470,192,0,431
197472,192,0,432
198346,193,0,357
198348,193,0,358
198350,193,0,359
198372,193,0,370
198374,193,0,371
198404,193,0,386
198406,193,0,387
198440,193,0,404
198442,193,0,405
198458,193,0,413
198460,193,0,414
198490,193,0,429
198492,193,0,430
198494,193,0,431
198496,193,0,432
199396,194,0,370
199398,194,0,371
199428,194,0,386
199430,194,0,387
199462,194,0,403
199464,194,0,404
199466,194,0,405
199468,194,0,406
199482,194,0,413
199484,194,0,414
199516,194,0,430
199518,194,0,431
200418,195,0,369
200420,195,0,370
200422,195,0,371
200452,195,0,386
200486,195,0,403
200488,195,0,404
200490,195,0,405
200492,195,0,406
200500,195,0,410
200502,195,0,411
200504,195,0,412
200506,195,0,413
200540,195,0,430
200542,195,0,431
201442,196,0,369
201444,196,0,370
201446,196,0,371
201476,196,0,386
201514,196,0,405
201516,196,0,406
201524,196,0,410
201526,196,0,411
201528,196,0,412
201530,196,0,413
201562,196,0,429
201564,196,0,430
201566,196,0,431
202498,197,0,385
202500,197,0,386
202540,197,0,406
202542,197,0,407
202544,197,0,408
202546,197,0,409
202548,197,0,410
202550,197,0,411
202552,197,0,412
202586,197,0,429
202588,197,0,430
202590,197,0,431
202592,197,0,432
203522,198,0,385
203524,198,0,386
203564,198,0,406
203566,198,0,407
203568,198,0,408
203570,198,0,409
203574,198,0,411
203614,198,0,431
203616,198,0,432
204542,199,0,383
204544,199,0,384
204546,199,0,385
204548,199,0,386
204588,199,0,406
204590,199,0,407
204592,199,0,408
204594,199,0,409
204638,199,0,431
205566,200,0,383
205568,200,0,384
205570,200,0,385
205610,200,0,405
205612,200,0,406
205614,200,0,407
205616,200,0,408
205618,200,0,409
205662,200,0,431
206590,201,0,383
206592,201,0,384
206594,201,0,385
206634,201,0,405
206636,201,0,406
206638,201,0,407
206640,201,0,408
206684,201,0,430
206686,201,0,431
207612,202,0,382
207614,202,0,383
207616,202,0,384
207618,202,0,385
207656,202,0,404
207658,202,0,405
207660,202,0,406
207662,202,0,407
207708,202,0,430
207710,202,0,431
208676,203,0,402
208678,203,0,403
208680,203,0,404
208732,203,0,430
208734,203,0,431
209698,204,0,401
209700,204,0,402
209702,204,0,403
209704,204,0,404
209752,204,0,428
209754,204,0,429
209756,204,0,430
210720,205,0,400
210722,205,0,401
210724,205,0,402
210726,205,0,403
210728,205,0,404
210776,205,0,428
210778,205,0,429
210780,205,0,430
211744,206,0,400
211746,206,0,401
211748,206,0,402
211798,206,0,427
211800,206,0,428
211802,206,0,429
212768,207,0,400
212812,207,0,422
212814,207,0,423
212816,207,0,424
212818,207,0,425
212820,207,0,426
212822,207,0,427
212824,207,0,428
212826,207,0,429
213788,208,0,398
213790,208,0,399
213842,208,0,425
213844,208,0,426
213846,208,0,427
213848,208,0,428
213850,208,0,429
213852,208,0,430
213854,208,0,431
214876,209,0,430
214878,209,0,431
214880,209,0,432
215900,210,0,430
215902,210,0,431
215904,210,0,432
216924,211,0,430
216926,211,0,431
216928,211,0,432
217950,212,0,431
217952,212,0,432
217954,212,0,433
218976,213,0,432
218978,213,0,433
218980,213,0,434
218982,213,0,435
220000,214,0,432
220002,214,0,433
220004,214,0,434
220006,214,0,435
221026,215,0,433
221028,215,0,434
222050,216,0,433
222052,216,0,434
222054,216,0,435
223072,217,0,432
223074,217,0,433
223076,217,0,434
223078,217,0,435
224100,218,0,434
224102,218,0,435
225124,219,0,434
225126,219,0,435
225128,219,0,436
226150,220,0,435
227174,221,0,435
228196,222,0,434
228198,222,0,435
229184,223,0,416
229186,223,0,417
229220,223,0,434
229222,223,0,435
230208,224,0,416
230210,224,0,417
230244,224,0,434
230246,224,0,435
231232,225,0,416
231234,225,0,417
231236,225,0,418
231238,225,0,419
231240,225,0,420
231268,225,0,434
232260,226,0,418
232262,226,0,419
232264,226,0,420
232266,226,0,421
232268,226,0,422
232270,226,0,423
232272,226,0,424
232274,226,0,425
232290,226,0,433
232292,226,0,434
233294,227,0,423
233296,227,0,424
233298,227,0,425
233300,227,0,426
233302,227,0,427
233304,227,0,428
233306,227,0,429
233308,227,0,430
233312,227,0,432
233314,227,0,433
233316,227,0,434
234328,228,0,428
234330,228,0,429
234332,228,0,430
234334,228,0,431
234336,228,0,432
234338,228,0,433
